<?xml version="1.0" encoding="UTF-8"?>
<coverage generated="1634195424659" clover="3.2.0">
  <project timestamp="1634195424659" name="All files">
    <metrics statements="22" coveredstatements="18" conditionals="11" coveredconditionals="5" methods="8" coveredmethods="6" elements="41" coveredelements="29" complexity="0" loc="22" ncloc="22" packages="3" files="5" classes="5"/>
    <package name="__test__">
      <metrics statements="6" coveredstatements="6" conditionals="5" coveredconditionals="5" methods="3" coveredmethods="3"/>
      <file name="mock.js" path="/Users/quochung/Public/hung/aaaa/Testing-Mbook/src/__test__/mock.js">
        <metrics statements="2" coveredstatements="2" conditionals="0" coveredconditionals="0" methods="0" coveredmethods="0"/>
        <line num="1" count="2" type="stmt"/>
        <line num="100" count="2" type="stmt"/>
      </file>
      <file name="users.js" path="/Users/quochung/Public/hung/aaaa/Testing-Mbook/src/__test__/users.js">
        <metrics statements="4" coveredstatements="4" conditionals="5" coveredconditionals="5" methods="3" coveredmethods="3"/>
        <line num="3" count="1" type="stmt"/>
        <line num="4" count="8" type="cond" truecount="5" falsecount="0"/>
        <line num="5" count="3" type="stmt"/>
        <line num="8" count="5" type="stmt"/>
      </file>
    </package>
    <package name="api">
      <metrics statements="9" coveredstatements="8" conditionals="0" coveredconditionals="0" methods="3" coveredmethods="2"/>
      <file name="index.js" path="/Users/quochung/Public/hung/aaaa/Testing-Mbook/src/api/index.js">
        <metrics statements="5" coveredstatements="5" conditionals="0" coveredconditionals="0" methods="1" coveredmethods="1"/>
        <line num="5" count="5" type="stmt"/>
        <line num="6" count="5" type="stmt"/>
        <line num="13" count="5" type="stmt"/>
        <line num="19" count="5" type="stmt"/>
        <line num="23" count="1" type="stmt"/>
      </file>
      <file name="loginApi.js" path="/Users/quochung/Public/hung/aaaa/Testing-Mbook/src/api/loginApi.js">
        <metrics statements="4" coveredstatements="3" conditionals="0" coveredconditionals="0" methods="2" coveredmethods="1"/>
        <line num="5" count="1" type="stmt"/>
        <line num="7" count="1" type="stmt"/>
        <line num="9" count="5" type="stmt"/>
        <line num="12" count="0" type="stmt"/>
      </file>
    </package>
    <package name="components.reviews">
      <metrics statements="7" coveredstatements="4" conditionals="6" coveredconditionals="0" methods="2" coveredmethods="1"/>
      <file name="RatingItem.js" path="/Users/quochung/Public/hung/aaaa/Testing-Mbook/src/components/reviews/RatingItem.js">
        <metrics statements="7" coveredstatements="4" conditionals="6" coveredconditionals="0" methods="2" coveredmethods="1"/>
        <line num="5" count="9" type="cond" truecount="0" falsecount="6"/>
        <line num="6" count="9" type="stmt"/>
        <line num="7" count="9" type="stmt"/>
        <line num="8" count="0" type="stmt"/>
        <line num="9" count="0" type="stmt"/>
        <line num="10" count="0" type="stmt"/>
        <line num="12" count="9" type="stmt"/>
      </file>
    </package>
  </project>
</coverage>
