{"/Users/quochung/Public/hung/aaaa/Testing-Mbook/src/__test__/mock.js": {"path":"/Users/quochung/Public/hung/aaaa/Testing-Mbook/src/__test__/mock.js","statementMap":{"0":{"start":{"line":1,"column":29},"end":{"line":98,"column":1}},"1":{"start":{"line":100,"column":29},"end":{"line":149,"column":1}}},"fnMap":{},"branchMap":{},"s":{"0":2,"1":2},"f":{},"b":{},"_coverageSchema":"1a1c01bbd47fc00a2c39e90264f33305004495a9","hash":"3c54e96c855009ca40c9ec18f5047f7027046c09"}
,"/Users/quochung/Public/hung/aaaa/Testing-Mbook/src/__test__/users.js": {"path":"/Users/quochung/Public/hung/aaaa/Testing-Mbook/src/__test__/users.js","statementMap":{"0":{"start":{"line":3,"column":27},"end":{"line":11,"column":1}},"1":{"start":{"line":4,"column":4},"end":{"line":6,"column":5}},"2":{"start":{"line":5,"column":8},"end":{"line":5,"column":45}},"3":{"start":{"line":8,"column":4},"end":{"line":8,"column":111}},"4":{"start":{"line":8,"column":45},"end":{"line":8,"column":65}},"5":{"start":{"line":8,"column":80},"end":{"line":8,"column":110}}},"fnMap":{"0":{"name":"(anonymous_0)","decl":{"start":{"line":3,"column":27},"end":{"line":3,"column":28}},"loc":{"start":{"line":3,"column":42},"end":{"line":11,"column":1}},"line":3},"1":{"name":"(anonymous_1)","decl":{"start":{"line":8,"column":39},"end":{"line":8,"column":40}},"loc":{"start":{"line":8,"column":45},"end":{"line":8,"column":65}},"line":8},"2":{"name":"(anonymous_2)","decl":{"start":{"line":8,"column":73},"end":{"line":8,"column":74}},"loc":{"start":{"line":8,"column":80},"end":{"line":8,"column":110}},"line":8}},"branchMap":{"0":{"loc":{"start":{"line":4,"column":4},"end":{"line":6,"column":5}},"type":"if","locations":[{"start":{"line":4,"column":4},"end":{"line":6,"column":5}},{"start":{"line":4,"column":4},"end":{"line":6,"column":5}}],"line":4},"1":{"loc":{"start":{"line":4,"column":8},"end":{"line":4,"column":46}},"type":"binary-expr","locations":[{"start":{"line":4,"column":8},"end":{"line":4,"column":12}},{"start":{"line":4,"column":16},"end":{"line":4,"column":29}},{"start":{"line":4,"column":33},"end":{"line":4,"column":46}}],"line":4}},"s":{"0":1,"1":8,"2":3,"3":5,"4":4,"5":1},"f":{"0":8,"1":4,"2":1},"b":{"0":[3,5],"1":[8,8,6]},"_coverageSchema":"1a1c01bbd47fc00a2c39e90264f33305004495a9","hash":"891aa63eafda05dcfde3a25fb5cc7c4a3b4c92ad"}
,"/Users/quochung/Public/hung/aaaa/Testing-Mbook/src/api/index.js": {"path":"/Users/quochung/Public/hung/aaaa/Testing-Mbook/src/api/index.js","statementMap":{"0":{"start":{"line":5,"column":20},"end":{"line":5,"column":54}},"1":{"start":{"line":6,"column":20},"end":{"line":11,"column":5}},"2":{"start":{"line":13,"column":18},"end":{"line":18,"column":5}},"3":{"start":{"line":19,"column":4},"end":{"line":19,"column":32}},"4":{"start":{"line":23,"column":30},"end":{"line":28,"column":1}}},"fnMap":{"0":{"name":"requestAPI","decl":{"start":{"line":3,"column":30},"end":{"line":3,"column":40}},"loc":{"start":{"line":3,"column":74},"end":{"line":20,"column":1}},"line":3}},"branchMap":{},"s":{"0":5,"1":5,"2":5,"3":5,"4":1},"f":{"0":5},"b":{},"_coverageSchema":"1a1c01bbd47fc00a2c39e90264f33305004495a9","hash":"b4ecbef37855a40939c587518f4ce3b81bfc5321"}
,"/Users/quochung/Public/hung/aaaa/Testing-Mbook/src/api/loginApi.js": {"path":"/Users/quochung/Public/hung/aaaa/Testing-Mbook/src/api/loginApi.js","statementMap":{"0":{"start":{"line":5,"column":13},"end":{"line":5,"column":23}},"1":{"start":{"line":7,"column":23},"end":{"line":14,"column":1}},"2":{"start":{"line":9,"column":4},"end":{"line":9,"column":66}},"3":{"start":{"line":12,"column":4},"end":{"line":12,"column":76}}},"fnMap":{"0":{"name":"(anonymous_0)","decl":{"start":{"line":8,"column":13},"end":{"line":8,"column":14}},"loc":{"start":{"line":8,"column":23},"end":{"line":10,"column":3}},"line":8},"1":{"name":"(anonymous_1)","decl":{"start":{"line":11,"column":14},"end":{"line":11,"column":15}},"loc":{"start":{"line":11,"column":24},"end":{"line":13,"column":3}},"line":11}},"branchMap":{},"s":{"0":1,"1":1,"2":5,"3":0},"f":{"0":5,"1":0},"b":{},"_coverageSchema":"1a1c01bbd47fc00a2c39e90264f33305004495a9","hash":"eb40606cd1d41a1b7766fc931642a585b72155fc"}
,"/Users/quochung/Public/hung/aaaa/Testing-Mbook/src/components/reviews/RatingItem.js": {"path":"/Users/quochung/Public/hung/aaaa/Testing-Mbook/src/components/reviews/RatingItem.js","statementMap":{"0":{"start":{"line":5,"column":83},"end":{"line":5,"column":88}},"1":{"start":{"line":6,"column":28},"end":{"line":6,"column":43}},"2":{"start":{"line":7,"column":28},"end":{"line":11,"column":5}},"3":{"start":{"line":8,"column":23},"end":{"line":8,"column":27}},"4":{"start":{"line":9,"column":8},"end":{"line":9,"column":29}},"5":{"start":{"line":10,"column":8},"end":{"line":10,"column":26}},"6":{"start":{"line":12,"column":4},"end":{"line":46,"column":5}}},"fnMap":{"0":{"name":"RatingItem","decl":{"start":{"line":4,"column":24},"end":{"line":4,"column":34}},"loc":{"start":{"line":4,"column":42},"end":{"line":47,"column":1}},"line":4},"1":{"name":"(anonymous_1)","decl":{"start":{"line":7,"column":28},"end":{"line":7,"column":29}},"loc":{"start":{"line":7,"column":34},"end":{"line":11,"column":5}},"line":7}},"branchMap":{"0":{"loc":{"start":{"line":5,"column":11},"end":{"line":5,"column":21}},"type":"default-arg","locations":[{"start":{"line":5,"column":19},"end":{"line":5,"column":21}}],"line":5},"1":{"loc":{"start":{"line":5,"column":23},"end":{"line":5,"column":38}},"type":"default-arg","locations":[{"start":{"line":5,"column":36},"end":{"line":5,"column":38}}],"line":5},"2":{"loc":{"start":{"line":5,"column":39},"end":{"line":5,"column":47}},"type":"default-arg","locations":[{"start":{"line":5,"column":45},"end":{"line":5,"column":47}}],"line":5},"3":{"loc":{"start":{"line":5,"column":49},"end":{"line":5,"column":57}},"type":"default-arg","locations":[{"start":{"line":5,"column":55},"end":{"line":5,"column":57}}],"line":5},"4":{"loc":{"start":{"line":5,"column":58},"end":{"line":5,"column":67}},"type":"default-arg","locations":[{"start":{"line":5,"column":65},"end":{"line":5,"column":67}}],"line":5},"5":{"loc":{"start":{"line":5,"column":68},"end":{"line":5,"column":79}},"type":"default-arg","locations":[{"start":{"line":5,"column":77},"end":{"line":5,"column":79}}],"line":5}},"s":{"0":9,"1":9,"2":9,"3":0,"4":0,"5":0,"6":9},"f":{"0":9,"1":0},"b":{"0":[0],"1":[0],"2":[0],"3":[0],"4":[0],"5":[0]},"_coverageSchema":"1a1c01bbd47fc00a2c39e90264f33305004495a9","hash":"cebbe8d767c1cd2337e0ed8f963fa414aa94557f"}
}
