TN:
SF:src/__test__/mock.js
FNF:0
FNH:0
DA:1,2
DA:100,2
LF:2
LH:2
BRF:0
BRH:0
end_of_record
TN:
SF:src/__test__/users.js
FN:3,(anonymous_0)
FN:8,(anonymous_1)
FN:8,(anonymous_2)
FNF:3
FNH:3
FNDA:8,(anonymous_0)
FNDA:4,(anonymous_1)
FNDA:1,(anonymous_2)
DA:3,1
DA:4,8
DA:5,3
DA:8,5
LF:4
LH:4
BRDA:4,0,0,3
BRDA:4,0,1,5
BRDA:4,1,0,8
BRDA:4,1,1,8
BRDA:4,1,2,6
BRF:5
BRH:5
end_of_record
TN:
SF:src/api/index.js
FN:3,requestAPI
FNF:1
FNH:1
FNDA:5,requestAPI
DA:5,5
DA:6,5
DA:13,5
DA:19,5
DA:23,1
LF:5
LH:5
BRF:0
BRH:0
end_of_record
TN:
SF:src/api/loginApi.js
FN:8,(anonymous_0)
FN:11,(anonymous_1)
FNF:2
FNH:1
FNDA:5,(anonymous_0)
FNDA:0,(anonymous_1)
DA:5,1
DA:7,1
DA:9,5
DA:12,0
LF:4
LH:3
BRF:0
BRH:0
end_of_record
TN:
SF:src/components/reviews/RatingItem.js
FN:4,RatingItem
FN:7,(anonymous_1)
FNF:2
FNH:1
FNDA:9,RatingItem
FNDA:0,(anonymous_1)
DA:5,9
DA:6,9
DA:7,9
DA:8,0
DA:9,0
DA:10,0
DA:12,9
LF:7
LH:4
BRDA:5,0,0,0
BRDA:5,1,0,0
BRDA:5,2,0,0
BRDA:5,3,0,0
BRDA:5,4,0,0
BRDA:5,5,0,0
BRF:6
BRH:0
end_of_record
